Using pre-set license
Built from '2021.1/staging' branch; Version is '2021.1.7f1 (d91830b65d9b) revision 14227504'; Using compiler version '192528614'; Build Type 'Release'
OS: 'Windows 10 Enterprise; OS build 19042.1348; Version 2009; 64bit' Language: 'fr' Physical Memory: 32580 MB
BatchMode: 1, IsHumanControllingUs: 0, StartBugReporterOnCrash: 0, Is64bit: 1, IsPro: 0

 COMMAND LINE ARGUMENTS:
C:\Program Files\Unity\Editor\unity.exe\2021.1.7f1\Editor\Unity.exe
-adb2
-batchMode
-noUpm
-name
AssetImportWorker0
-projectPath
C:/Users/tofredericks/Desktop/Unity/Serial ASCII
-logFile
Logs/AssetImportWorker0.log
-srvPort
64235
Successfully changed project path to: C:/Users/tofredericks/Desktop/Unity/Serial ASCII
C:/Users/tofredericks/Desktop/Unity/Serial ASCII
Using Asset Import Pipeline V2.
Refreshing native plugins compatible for Editor in 71.03 ms, found 1 plugins.
Preloading 0 native plugins for Editor in 0.00 ms.
Initialize engine version: 2021.1.7f1 (d91830b65d9b)
[Subsystems] Discovering subsystems at path C:/Program Files/Unity/Editor/unity.exe/2021.1.7f1/Editor/Data/Resources/UnitySubsystems
[Subsystems] Discovering subsystems at path C:/Users/tofredericks/Desktop/Unity/Serial ASCII/Assets
GfxDevice: creating device client; threaded=0; jobified=0
Direct3D:
    Version:  Direct3D 11.0 [level 11.1]
    Renderer: NVIDIA GeForce RTX 2080 with Max-Q Design (ID=0x1e90)
    Vendor:   NVIDIA
    VRAM:     8010 MB
    Driver:   30.0.14.9649
Initialize mono
Mono path[0] = 'C:/Program Files/Unity/Editor/unity.exe/2021.1.7f1/Editor/Data/Managed'
Mono path[1] = 'C:/Program Files/Unity/Editor/unity.exe/2021.1.7f1/Editor/Data/MonoBleedingEdge/lib/mono/unityjit'
Mono config path = 'C:/Program Files/Unity/Editor/unity.exe/2021.1.7f1/Editor/Data/MonoBleedingEdge/etc'
Using monoOptions --debugger-agent=transport=dt_socket,embedding=1,server=y,suspend=n,address=127.0.0.1:56376
Begin MonoManager ReloadAssembly
Registering precompiled unity dll's ...
Register platform support module: C:/Program Files/Unity/Editor/unity.exe/2021.1.7f1/Editor/Data/PlaybackEngines/WindowsStandaloneSupport/UnityEditor.WindowsStandalone.Extensions.dll
Registered in 0.002316 seconds.
Native extension for WindowsStandalone target not found
Refreshing native plugins compatible for Editor in 88.69 ms, found 1 plugins.
Preloading 0 native plugins for Editor in 0.00 ms.
Mono: successfully reloaded assembly
- Completed reload, in  1.184 seconds
Platform modules already initialized, skipping
Registering precompiled user dll's ...
Registered in 0.002731 seconds.
Begin MonoManager ReloadAssembly
Symbol file LoadedFromMemory doesn't match image C:\Users\tofredericks\Desktop\Unity\Serial ASCII\Library\PackageCache\com.unity.visualscripting@1.6.1\Editor\VisualScripting.Core\Dependencies\YamlDotNet\Unity.VisualScripting.YamlDotNet.dll
Symbol file LoadedFromMemory doesn't match image C:\Users\tofredericks\Desktop\Unity\Serial ASCII\Library\PackageCache\com.unity.visualscripting@1.6.1\Editor\VisualScripting.Core\Dependencies\DotNetZip\Unity.VisualScripting.IonicZip.dll
Native extension for WindowsStandalone target not found
Refreshing native plugins compatible for Editor in 0.74 ms, found 1 plugins.
Preloading 0 native plugins for Editor in 0.00 ms.
Mono: successfully reloaded assembly
- Completed reload, in  1.419 seconds
Platform modules already initialized, skipping
========================================================================
Worker process is ready to serve import requests
Launched and connected shader compiler UnityShaderCompiler.exe after 0.06 seconds
Refreshing native plugins compatible for Editor in 0.86 ms, found 1 plugins.
Preloading 0 native plugins for Editor in 0.00 ms.
Unloading 2874 Unused Serialized files (Serialized files now loaded: 0)
System memory in use before: 103.5 MB.
System memory in use after: 103.7 MB.

Unloading 14 unused Assets to reduce memory usage. Loaded Objects now: 3328.
Total: 2.340300 ms (FindLiveObjects: 0.257800 ms CreateObjectMapping: 0.180300 ms MarkObjects: 1.823100 ms  DeleteObjects: 0.077900 ms)

========================================================================
Received Import Request.
  path: Assets/MyEventNode.cs
  artifactKey: Guid(7fd38cb3271765242a9f5ed03ad6bf75) Importer(815301076,1909f56bfc062723c751e8b465ee728b)
Start importing Assets/MyEventNode.cs using Guid(7fd38cb3271765242a9f5ed03ad6bf75) Importer(815301076,1909f56bfc062723c751e8b465ee728b)  -> (artifact id: 'ac0e6310ac1ef34659bd61da9804d966') in 0.017889 seconds 
========================================================================
Received Prepare
Registering precompiled user dll's ...
Registered in 0.002128 seconds.
Begin MonoManager ReloadAssembly
Symbol file LoadedFromMemory doesn't match image C:\Users\tofredericks\Desktop\Unity\Serial ASCII\Library\PackageCache\com.unity.visualscripting@1.6.1\Editor\VisualScripting.Core\Dependencies\YamlDotNet\Unity.VisualScripting.YamlDotNet.dll
Symbol file LoadedFromMemory doesn't match image C:\Users\tofredericks\Desktop\Unity\Serial ASCII\Library\PackageCache\com.unity.visualscripting@1.6.1\Editor\VisualScripting.Core\Dependencies\DotNetZip\Unity.VisualScripting.IonicZip.dll
Native extension for WindowsStandalone target not found
Refreshing native plugins compatible for Editor in 0.52 ms, found 1 plugins.
Preloading 0 native plugins for Editor in 0.00 ms.
Mono: successfully reloaded assembly
- Completed reload, in  1.086 seconds
Platform modules already initialized, skipping
Refreshing native plugins compatible for Editor in 0.47 ms, found 1 plugins.
Preloading 0 native plugins for Editor in 0.00 ms.
Unloading 2869 Unused Serialized files (Serialized files now loaded: 0)
System memory in use before: 103.5 MB.
System memory in use after: 103.7 MB.

Unloading 9 unused Assets to reduce memory usage. Loaded Objects now: 3331.
Total: 2.057600 ms (FindLiveObjects: 0.261800 ms CreateObjectMapping: 0.165200 ms MarkObjects: 1.576000 ms  DeleteObjects: 0.053500 ms)

========================================================================
Received Prepare
Registering precompiled user dll's ...
Registered in 0.002439 seconds.
Begin MonoManager ReloadAssembly
Symbol file LoadedFromMemory doesn't match image C:\Users\tofredericks\Desktop\Unity\Serial ASCII\Library\PackageCache\com.unity.visualscripting@1.6.1\Editor\VisualScripting.Core\Dependencies\YamlDotNet\Unity.VisualScripting.YamlDotNet.dll
Symbol file LoadedFromMemory doesn't match image C:\Users\tofredericks\Desktop\Unity\Serial ASCII\Library\PackageCache\com.unity.visualscripting@1.6.1\Editor\VisualScripting.Core\Dependencies\DotNetZip\Unity.VisualScripting.IonicZip.dll
Native extension for WindowsStandalone target not found
Refreshing native plugins compatible for Editor in 0.47 ms, found 1 plugins.
Preloading 0 native plugins for Editor in 0.00 ms.
Mono: successfully reloaded assembly
- Completed reload, in  0.823 seconds
Platform modules already initialized, skipping
Refreshing native plugins compatible for Editor in 0.50 ms, found 1 plugins.
Preloading 0 native plugins for Editor in 0.00 ms.
Unloading 2869 Unused Serialized files (Serialized files now loaded: 0)
System memory in use before: 103.5 MB.
System memory in use after: 103.7 MB.

Unloading 9 unused Assets to reduce memory usage. Loaded Objects now: 3334.
Total: 2.010700 ms (FindLiveObjects: 0.243300 ms CreateObjectMapping: 0.170600 ms MarkObjects: 1.546800 ms  DeleteObjects: 0.048900 ms)

========================================================================
Received Import Request.
  Time since last request: 16.460868 seconds.
  path: Assets/MyEventNode.cs
  artifactKey: Guid(7fd38cb3271765242a9f5ed03ad6bf75) Importer(815301076,1909f56bfc062723c751e8b465ee728b)
Start importing Assets/MyEventNode.cs using Guid(7fd38cb3271765242a9f5ed03ad6bf75) Importer(815301076,1909f56bfc062723c751e8b465ee728b)  -> (artifact id: 'ccefa35eeb246d0f04f1d79732adc6e5') in 0.004666 seconds 
========================================================================
Received Import Request.
  Time since last request: 470.281532 seconds.
  path: Assets/receiveOsc Visual Script.asset
  artifactKey: Guid(93610fc33e1549341a2c0db9497ee7c9) Importer(815301076,1909f56bfc062723c751e8b465ee728b)
Start importing Assets/receiveOsc Visual Script.asset using Guid(93610fc33e1549341a2c0db9497ee7c9) Importer(815301076,1909f56bfc062723c751e8b465ee728b)  -> (artifact id: 'df42ffdc778225911d400481dc38dc95') in 0.444651 seconds 
AssetImportWorkerClient::OnTransportError - code=2 error=End of file
